 # k   f(k)
   0.0000000000000000        0.0000000000000000     
   2.0000000000000000E-002   200.06277612760013     
   4.0000000000000001E-002   198.98704708678838     
   5.9999999999999998E-002   197.21015135862996     
   8.0000000000000002E-002   194.75559197692243     
  0.10000000000000001        191.65534203897715     
  0.12000000000000000        187.94896098618690     
  0.14000000000000001        183.68252336965378     
  0.16000000000000000        178.90740414233105     
  0.17999999999999999        173.67896943638860     
  0.20000000000000001        168.05522423380205     
  0.22000000000000000        162.09546824371193     
  0.23999999999999999        155.85900873002177     
  0.26000000000000001        149.40397419216589     
  0.28000000000000003        142.78626601880256     
  0.29999999999999999        136.05867693642494     
  0.32000000000000001        129.27019576346333     
  0.34000000000000002        122.46550819704512     
  0.35999999999999999        115.68469365361058     
  0.38000000000000000        108.96310907987623     
  0.40000000000000002        102.33144261489220     
  0.41999999999999998        95.815913402707722     
  0.44000000000000000        89.438589011375299     
  0.46000000000000002        83.217788975021321     
  0.47999999999999998        77.168541987773025     
  0.50000000000000000        71.303065169034255     
  0.52000000000000002        65.631236407873388     
  0.54000000000000004        60.161034806523574     
  0.56000000000000005        54.898929335098856     
  0.57999999999999996        49.850201591846748     
  0.59999999999999998        45.019194627747311     
  0.62000000000000000        40.409485741711372     
  0.64000000000000001        36.023986617870641     
  0.66000000000000003        31.864978849937092     
  0.68000000000000005        27.934096542612924     
  0.69999999999999996        24.232270143852446     
  0.71999999999999997        20.759646880856959     
  0.73999999999999999        17.515503171377851     
  0.76000000000000001        14.498163265424992     
  0.78000000000000003        11.704936314577701     
  0.80000000000000004        9.1320812928240915     
  0.81999999999999995        6.7748059635351803     
  0.83999999999999997        4.6273026741269723     
  0.85999999999999999        2.6828204285168322     
  0.88000000000000000       0.93376967757045848     
  0.90000000000000002      -0.62814622157494437     
  0.92000000000000004       -2.0117807486561770     
  0.93999999999999995       -3.2263841056929743     
  0.95999999999999996       -4.2814424746618194     
  0.97999999999999998       -5.1865254249447981     
   1.0000000000000000       -5.9511491419328779     
   1.0200000000000000       -6.5846615208700019     
   1.0400000000000000       -7.0961531847775881     
   1.0600000000000001       -7.4943963217475815     
   1.0800000000000001       -7.7878110764731234     
   1.1000000000000001       -7.9844572428447389     
   1.1200000000000001       -8.0920473336125873     
   1.1399999999999999       -8.1179758602421366     
   1.1599999999999999       -8.0693589113130617     
   1.1799999999999999       -7.9530778976392709     
   1.2000000000000000       -7.7758216201334633     
   1.2200000000000000       -7.5441215564230282     
   1.2400000000000000       -7.2643763658923159     
   1.2600000000000000       -6.9428629679732019     
   1.2800000000000000       -6.5857330294529577     
   1.3000000000000000       -6.1989951748925423     
   1.3200000000000001       -5.7884845892023113     
   1.3400000000000001       -5.3598228091435072     
   1.3600000000000001       -4.9183713214865206     
   1.3799999999999999       -4.4691830496186151     
   1.3999999999999999       -4.0169558993016627     
   1.4199999999999999       -3.5659922614473336     
   1.4399999999999999       -3.1201677775429117     
   1.4600000000000000       -2.6829118280565978     
   1.4800000000000000       -2.2572011894630548     
   1.5000000000000000       -1.8455672147938611     
   1.5200000000000000       -1.4501158206880524     
   1.5400000000000000       -1.0725585993295348     
   1.5600000000000001      -0.71425259164487820     
   1.5800000000000001      -0.37624571509537569     
   1.6000000000000001       -5.9324569139224161E-002
   1.6200000000000001       0.23593864654116575     
   1.6399999999999999       0.50914308611153924     
   1.6599999999999999       0.76002255746832847     
   1.6799999999999999       0.98841695193296353     
   1.7000000000000000        1.1942527864429495     
   1.7200000000000000        1.3775330002694943     
   1.7400000000000000        1.5383353407720792     
   1.7600000000000000        1.6768179647438726     
   1.7800000000000000        1.7932303286101186     
   1.8000000000000000        1.8879270817650990     
   1.8200000000000001        1.9613825342212732     
   1.8400000000000001        2.0142033449010555     
   1.8600000000000001        2.0471373541972135     
   1.8799999999999999        2.0610769313230550     
   1.8999999999999999        2.0570557779418852     
   1.9199999999999999        2.0362387704555460     
   1.9399999999999999        1.9999050762915709     
   1.9600000000000000        1.9494253880313344     
   1.9800000000000000        1.8862346327989512     
   2.0000000000000000        1.8118018925951582     
   2.0200000000000000        1.7275994869400733     
   2.0400000000000000        1.6350732099258671     
   2.0600000000000001        1.5356155826107347     
   2.0800000000000001        1.4305436961973510     
   2.1000000000000001        1.3210828117298314     
   2.1200000000000001        1.2083563876959353     
   2.1400000000000001        1.0933826732864729     
   2.1600000000000001       0.97707747918641108     
   2.1800000000000002       0.86026226432138853     
   2.2000000000000002       0.74367629453300932     
   2.2200000000000002       0.62799136710654857     
   2.2400000000000002       0.51382747147215202     
   2.2599999999999998       0.40176777679332421     
   2.2799999999999998       0.29237149455428485     
   2.2999999999999998       0.18618344016689267     
   2.3199999999999998        8.3739484015470184E-002
   2.3399999999999999       -1.4432495582288226E-002
   2.3599999999999999      -0.10781610571430657     
   2.3799999999999999      -0.19591390876883383     
   2.3999999999999999      -0.27825803797830628     
   2.4199999999999999      -0.35442285271149010     
   2.4399999999999999      -0.42403835975536386     
   2.4600000000000000      -0.48680307714181437     
   2.4800000000000000      -0.54249508603399277     
   2.5000000000000000      -0.59098019400293844     
   2.5200000000000000      -0.63221640081163166     
   2.5400000000000000      -0.66625418951264836     
   2.5600000000000001      -0.69323253047563282     
   2.5800000000000001      -0.71337085119769816     
   2.6000000000000001      -0.72695755868415812     
   2.6200000000000001      -0.73433597576133136     
   2.6400000000000001      -0.73588874582516939     
   2.6600000000000001      -0.73202185787418383     
   2.6800000000000002      -0.72314943957938271     
   2.7000000000000002      -0.70968036391386236     
   2.7200000000000002      -0.69200752620761563     
   2.7400000000000002      -0.67050039226093849     
   2.7599999999999998      -0.64550111850065828     
   2.7799999999999998      -0.61732422931962316     
   2.7999999999999998      -0.58625953254471241     
   2.8199999999999998      -0.55257768746729674     
   2.8399999999999999      -0.51653763306755673     
   2.8599999999999999      -0.47839495318884812     
   2.8799999999999999      -0.43841020963874006     
   2.8999999999999999      -0.39685631502930979     
   2.9199999999999999      -0.35402413856933401     
   2.9399999999999999      -0.31022572709674878     
   2.9600000000000000      -0.26579476196769009     
   2.9800000000000000      -0.22108413779105435     
   3.0000000000000000      -0.17646081745243961     
   3.0200000000000000      -0.13229836581947108     
   3.0400000000000000       -8.8967770786982217E-002
   3.0600000000000001       -4.6827307921521177E-002
   3.0800000000000001       -6.2122824745199550E-003
   3.1000000000000001        3.2574515064400955E-002
   3.1200000000000001        6.9270874745754829E-002
   3.1400000000000001       0.10366112560307326     
   3.1600000000000001       0.13557954644118375     
   3.1800000000000002       0.16491101116711071     
   3.2000000000000002       0.19158888728806447     
   3.2200000000000002       0.21559043556996085     
   3.2400000000000002       0.23693016132406206     
   3.2599999999999998       0.25565172636588607     
   3.2799999999999998       0.27181913261157098     
   3.2999999999999998       0.28550792603980046     
   3.3199999999999998       0.29679714163034282     
   3.3399999999999999       0.30576261996377729     
   3.3599999999999999       0.31247218380085201     
   3.3799999999999999       0.31698298187796170     
   3.3999999999999999       0.31934110413706179     
   3.4199999999999999       0.31958336595051900     
   3.4399999999999999       0.31774096678669328     
   3.4600000000000000       0.31384456767320140     
   3.4800000000000000       0.30793021513519814     
   3.5000000000000000       0.30004547620148714     
   3.5200000000000000       0.29025514386417328     
   3.5400000000000000       0.27864592416418271     
   3.5600000000000001       0.26532961899921115     
   3.5800000000000001       0.25044446260961656     
   3.6000000000000001       0.23415444092902704     
   3.6200000000000001       0.21664660593190260     
   3.6400000000000001       0.19812657542959530     
   3.6600000000000001       0.17881256688418035     
   3.6800000000000002       0.15892843825954253     
   3.7000000000000002       0.13869628948951845     
   3.7200000000000002       0.11832920865802588     
   3.7400000000000002        9.8024725820747588E-002
   3.7599999999999998        7.7959467481788960E-002
   3.7799999999999998        5.8285393214190059E-002
   3.7999999999999998        3.9127853419882772E-002
   3.8199999999999998        2.0585546894089257E-002
   3.8399999999999999        2.7322931124010297E-003
   3.8599999999999999       -1.4379618584457417E-002
   3.8799999999999999       -3.0714869317294415E-002
   3.8999999999999999       -4.6249800576591428E-002
   3.9199999999999999       -6.0966865041416227E-002
   3.9399999999999999       -7.4849354891166550E-002
   3.9600000000000000       -8.7876883945036482E-002
   3.9800000000000000      -0.10002201870625577     
   4.0000000000000000      -0.11124833911875341     
   4.0199999999999996      -0.12151007329808448     
   4.0400000000000000      -0.13075330415270603     
   4.0599999999999996      -0.13891860275283688     
   4.0800000000000001      -0.14594481607003690     
   4.0999999999999996      -0.15177363619950193     
   4.1200000000000001      -0.15635451272394041     
   4.1399999999999997      -0.15964944457157509     
   4.1600000000000001      -0.16163720402129950     
   4.1799999999999997      -0.16231660118718455     
   4.2000000000000002      -0.16170848672329977     
   4.2199999999999998      -0.15985630511941498     
   4.2400000000000002      -0.15682514024208447     
   4.2599999999999998      -0.15269932705682457     
   4.2800000000000002      -0.14757882704277847     
   4.2999999999999998      -0.14157466896246462     
   4.3200000000000003      -0.13480383256365799     
   4.3399999999999999      -0.12738399430304376     
   4.3600000000000003      -0.11942855826571075     
   4.3799999999999999      -0.11104236243277373     
   4.4000000000000004      -0.10231838390133427     
   4.4199999999999999       -9.3335673050871315E-002
   4.4400000000000004       -8.4158634705413918E-002
   4.4600000000000000       -7.4837654244197180E-002
   4.4800000000000004       -6.5410949080682887E-002
   4.5000000000000000       -5.5907421258283109E-002
   4.5199999999999996       -4.6350204080842970E-002
   4.5400000000000000       -3.6760541603763068E-002
   4.5599999999999996       -2.7161618700713465E-002
   4.5800000000000001       -1.7581972554494802E-002
   4.5999999999999996       -8.0581620231139871E-003
   4.6200000000000001        1.3635552012529492E-003
   4.6399999999999997        1.0626693371884417E-002
   4.6600000000000001        1.9665206600766802E-002
   4.6799999999999997        2.8405294001106560E-002
   4.7000000000000002        3.6768180175069977E-002
   4.7199999999999998        4.4673623192453479E-002
   4.7400000000000002        5.2043839572091591E-002
   4.7599999999999998        5.8807501625510940E-002
   4.7800000000000002        6.4903459399151292E-002
   4.7999999999999998        7.0283867125829888E-002
   4.8200000000000003        7.4916449624792783E-002
   4.8399999999999999        7.8785722121680751E-002
   4.8600000000000003        8.1893070247911232E-002
   4.8799999999999999        8.4255697050110781E-002
   4.9000000000000004        8.5904541761088984E-002
   4.9199999999999999        8.6881362256935976E-002
   4.9400000000000004        8.7235242039593194E-002
   4.9600000000000000        8.7018827462216272E-002
   4.9800000000000004        8.6284618189910581E-002
   5.0000000000000000        8.5081622487066549E-002
   5.0199999999999996        8.3452650316563848E-002
   5.0400000000000000        8.1432455273369841E-002
   5.0599999999999996        7.9046856902020346E-002
   5.0800000000000001        7.6312885261769173E-002
   5.0999999999999996        7.3239897787486491E-002
   5.1200000000000001        6.9831532690855194E-002
   5.1399999999999997        6.6088290838170763E-002
   5.1600000000000001        6.2010485401880554E-002
   5.1799999999999997        5.7601269953812706E-002
   5.2000000000000002        5.2869453201929047E-002
   5.2199999999999998        4.7831832078908190E-002
   5.2400000000000002        4.2514821888447303E-002
   5.2599999999999998        3.6955228185995774E-002
   5.2800000000000002        3.1200083889703113E-002
   5.2999999999999998        2.5305559618023703E-002
   5.3200000000000003        1.9335037872345986E-002
   5.3399999999999999        1.3356515145659957E-002
   5.3600000000000003        7.4395539791122052E-003
   5.3799999999999999        1.6520445108687155E-003
   5.4000000000000004       -3.9429508540547997E-003
   5.4199999999999999       -9.2900062834942679E-003
   5.4400000000000004       -1.4343564841619059E-002
   5.4600000000000000       -1.9069417419465304E-002
   5.4800000000000004       -2.3445319369238857E-002
   5.5000000000000000       -2.7460712519400150E-002
   5.5199999999999996       -3.1115598547495637E-002
   5.5400000000000000       -3.4418682768157093E-002
   5.5599999999999996       -3.7384968877406895E-002
   5.5800000000000001       -4.0033029820764357E-002
   5.5999999999999996       -4.2382204026395073E-002
   5.6200000000000001       -4.4449967939536303E-002
   5.6399999999999997       -4.6249715288303420E-002
   5.6600000000000001       -4.7789132940701751E-002
   5.6799999999999997       -4.9069306458015265E-002
   5.7000000000000002       -5.0084620765964587E-002
   5.7199999999999998       -5.0823448898589918E-002
   5.7400000000000002       -5.1269551003693320E-002
   5.7599999999999998       -5.1404042973728789E-002
   5.7800000000000002       -5.1207744633738554E-002
   5.7999999999999998       -5.0663685569162981E-002
   5.8200000000000003       -4.9759534988556488E-002
   5.8399999999999999       -4.8489731248049360E-002
   5.8600000000000003       -4.6857115713369771E-002
   5.8799999999999999       -4.4873921661140279E-002
   5.9000000000000004       -4.2562027620519541E-002
   5.9199999999999999       -3.9952450562784049E-002
   5.9400000000000004       -3.7084121719969144E-002
   5.9600000000000000       -3.4002050572959977E-002
   5.9800000000000004       -3.0755035201429741E-002
   6.0000000000000000       -2.7393115207373069E-002
   6.0199999999999996       -2.3964983639560251E-002
   6.0400000000000000       -2.0515575204325062E-002
   6.0599999999999996       -1.7084029727290742E-002
   6.0800000000000001       -1.3702194203941401E-002
   6.0999999999999996       -1.0393777223496858E-002
   6.1200000000000001       -7.1742106363846606E-003
   6.1399999999999997       -4.0512103955129318E-003
   6.1600000000000001       -1.0259671558168250E-003
   6.1799999999999997        1.9051571287965409E-003
   6.2000000000000002        4.7485930010258458E-003
   6.2199999999999998        7.5113813733028870E-003
   6.2400000000000002        1.0199048910798456E-002
   6.2599999999999998        1.2813735924153385E-002
   6.2800000000000002        1.5352746144670524E-002
   6.2999999999999998        1.7807647427507130E-002
   6.3200000000000003        2.0164001165135680E-002
   6.3399999999999999        2.2401740677951639E-002
   6.3600000000000003        2.4496160259649947E-002
   6.3799999999999999        2.6419422099414166E-002
   6.4000000000000004        2.8142442757064019E-002
   6.4199999999999999        2.9636988158156543E-002
   6.4400000000000004        3.0877788944883723E-002
   6.4600000000000000        3.1844487792955081E-002
   6.4800000000000004        3.2523246798535334E-002
   6.5000000000000000        3.2907874588355875E-002
   6.5199999999999996        3.3000376433175757E-002
   6.5400000000000000        3.2810882339570850E-002
   6.5599999999999996        3.2356963181981786E-002
   6.5800000000000001        3.1662398496881933E-002
   6.5999999999999996        3.0755506869855741E-002
   6.6200000000000001        2.9667186791013715E-002
   6.6399999999999997        2.8428839288841233E-002
   6.6600000000000001        2.7070351665948473E-002
   6.6799999999999997        2.5618313729462029E-002
   6.7000000000000002        2.4094614929582564E-002
   6.7199999999999998        2.2515535009375739E-002
   6.7400000000000002        2.0891395454491091E-002
   6.7599999999999998        1.9226788342142406E-002
   6.7800000000000002        1.7521347680231013E-002
   6.7999999999999998        1.5770980574013414E-002
   6.8200000000000003        1.3969435746249972E-002
   6.8399999999999999        1.2110058501181671E-002
   6.8600000000000003        1.0187566548251526E-002
   6.8799999999999999        8.1996813261594539E-003
   6.9000000000000004        6.1484643958191042E-003
   6.9199999999999999        4.0412366056219373E-003
   6.9400000000000004        1.8909964245271014E-003
   6.9600000000000000       -2.8370046661882307E-004
   6.9800000000000004       -2.4593896716959989E-003
   7.0000000000000000       -4.6088169189825202E-003
   7.0199999999999996       -6.7024280411097517E-003
   7.0400000000000000       -8.7100986817176887E-003
   7.0599999999999996       -1.0602952104908496E-002
   7.0800000000000001       -1.2355106932104230E-002
   7.0999999999999996       -1.3945204167442582E-002
   7.1200000000000001       -1.5357583672958041E-002
   7.1399999999999997       -1.6583012327839014E-002
   7.1600000000000001       -1.7618906484504746E-002
   7.1799999999999997       -1.8469036347722255E-002
   7.2000000000000002       -1.9142745511286585E-002
   7.2199999999999998       -1.9653761041913291E-002
   7.2400000000000002       -2.0018704505172402E-002
   7.2599999999999998       -2.0255439161425744E-002
   7.2800000000000002       -2.0381401133835124E-002
   7.2999999999999998       -2.0412061688321190E-002
   7.3200000000000003       -2.0359654073805463E-002
   7.3399999999999999       -2.0232273009563415E-002
   7.3600000000000003       -2.0033420254425335E-002
   7.3799999999999999       -1.9762028926522398E-002
   7.4000000000000004       -1.9412956046409770E-002
   7.4199999999999999       -1.8977891010079607E-002
   7.4400000000000004       -1.8446591052056153E-002
   7.4600000000000000       -1.7808326429087046E-002
   7.4800000000000004       -1.7053400466187696E-002
   7.5000000000000000       -1.6174604204682096E-002
   7.5199999999999996       -1.5168472525675514E-002
   7.5400000000000000       -1.4036227525733094E-002
   7.5599999999999996       -1.2784323792265285E-002
   7.5800000000000001       -1.1424546397078897E-002
   7.5999999999999996       -9.9736526112676593E-003
   7.6200000000000001       -8.4525889350794692E-003
   7.6399999999999997       -6.8853524266576658E-003
   7.6600000000000001       -5.2975962191184420E-003
   7.6799999999999997       -3.7151008612655409E-003
   7.7000000000000002       -2.1622438687444508E-003
   7.7199999999999998       -6.6059878897412852E-004
   7.7400000000000002        7.7221761727162006E-004
   7.7599999999999998        2.1233545462701437E-003
   7.7800000000000002        3.3851284320782177E-003
   7.7999999999999998        4.5549887440896469E-003
   7.8200000000000003        5.6350594092870292E-003
   7.8399999999999999        6.6313042680335617E-003
   7.8600000000000003        7.5523975790880585E-003
   7.8799999999999999        8.4084056586308797E-003
   7.9000000000000004        9.2094011235370858E-003
   7.9199999999999999        9.9641356461691397E-003
   7.9400000000000004        1.0678890335864399E-002
   7.9600000000000000        1.1356605559574587E-002
   7.9800000000000004        1.1996365844572098E-002
   8.0000000000000000        1.2593282883664882E-002
   8.0199999999999996        1.3138783550217298E-002
   8.0399999999999991        1.3621273468635859E-002
   8.0600000000000005        1.4027113307653844E-002
   8.0800000000000001        1.4341817503532485E-002
   8.0999999999999996        1.4551365958506245E-002
   8.1199999999999992        1.4643510016762550E-002
   8.1400000000000006        1.4608955419801752E-002
   8.1600000000000001        1.4442316757506166E-002
   8.1799999999999997        1.4142759010698712E-002
   8.1999999999999993        1.3714270164449529E-002
   8.2200000000000006        1.3165541968865338E-002
   8.2400000000000002        1.2509470752309773E-002
   8.2599999999999998        1.1762323643083080E-002
   8.2799999999999994        1.0942644673984958E-002
   8.3000000000000007        1.0069997487485461E-002
   8.3200000000000003        9.1636548195977233E-003
   8.3399999999999999        8.2413485081253273E-003
   8.3599999999999994        7.3181872244982233E-003
   8.3800000000000008        6.4058331462156747E-003
   8.4000000000000004        5.5120048785668382E-003
   8.4199999999999999        4.6403442979460257E-003
   8.4399999999999995        3.7906523105515357E-003
   8.4600000000000009        2.9594657295292210E-003
   8.4800000000000004        2.1409174828337530E-003
   8.5000000000000000        1.3277978089479446E-003
   8.5199999999999996        5.1271710646120985E-004
   8.5399999999999991       -3.1073688715598018E-004
   8.5600000000000005       -1.1469532784107381E-003
   8.5800000000000001       -1.9974582312718022E-003
   8.5999999999999996       -2.8603565381728172E-003
   8.6199999999999992       -3.7301040095957848E-003
   8.6400000000000006       -4.5976301128095908E-003
   8.6600000000000001       -5.4507988020112055E-003
   8.6799999999999997       -6.2751653473496066E-003
   8.6999999999999993       -7.0549608540355045E-003
   8.7200000000000006       -7.7742163487776903E-003
   8.7400000000000002       -8.4179265021621340E-003
   8.7599999999999998       -8.9731502289372347E-003
   8.7799999999999994       -9.4299517336136861E-003
   8.8000000000000007       -9.7821004022121336E-003
   8.8200000000000003       -1.0027469888751122E-002
   8.8399999999999999       -1.0168103794194191E-002
   8.8599999999999994       -1.0209945038809754E-002
   8.8800000000000008       -1.0162255724938110E-002
   8.9000000000000004       -1.0036781339789490E-002
   8.9199999999999999       -9.8467351791386871E-003
   8.9399999999999995       -9.6056939720790858E-003
   8.9600000000000009       -9.3265025764046501E-003
   8.9800000000000004       -9.0202837563589777E-003
   9.0000000000000000       -8.6956386934934089E-003
   9.0199999999999996       -8.3581060143946093E-003
   9.0399999999999991       -8.0099234007029486E-003
   9.0600000000000005       -7.6501084368056308E-003
   9.0800000000000001       -7.2748467170861211E-003
   9.0999999999999996       -6.8781479326261363E-003
   9.1199999999999992       -6.4527071007731644E-003
   9.1400000000000006       -5.9908903501575813E-003
   9.1600000000000001       -5.4857542545240301E-003
   9.1799999999999997       -4.9320054828041410E-003
   9.1999999999999993       -4.3268136260781387E-003
   9.2200000000000006       -3.6704038605471388E-003
   9.2400000000000002       -2.9663763160034228E-003
   9.2599999999999998       -2.2217237900424070E-003
   9.2799999999999994       -1.4465465385768259E-003
   9.3000000000000007       -6.5348985572467292E-004
   9.3200000000000003        1.4304536618000655E-004
   9.3399999999999999        9.2784908672797388E-004
   9.3599999999999994        1.6859221292111566E-003
   9.3800000000000008        2.4034803870887325E-003
   9.4000000000000004        3.0688559222734101E-003
   9.4199999999999999        3.6732174482134901E-003
   9.4399999999999995        4.2110492828921391E-003
   9.4600000000000009        4.6803497139944637E-003
   9.4800000000000004        5.0825348546594826E-003
   9.5000000000000000        5.4220602230223664E-003
   9.5199999999999996        5.7057971202818074E-003
   9.5399999999999991        5.9422222150046673E-003
   9.5600000000000005        6.1404947004589866E-003
   9.5800000000000001        6.3095046050373931E-003
   9.5999999999999996        6.4569775419331963E-003
   9.6199999999999992        6.5887152954590507E-003
   9.6400000000000006        6.7080387454182214E-003
   9.6600000000000001        6.8154809330613379E-003
   9.6799999999999997        6.9087552834106968E-003
   9.6999999999999993        6.9829991790133503E-003
   9.7200000000000006        7.0312684531742978E-003
   9.7400000000000002        7.0452361241951696E-003
   9.7599999999999998        7.0160307844825175E-003
   9.7799999999999994        6.9351380461717257E-003
   9.8000000000000007        6.7952833479995450E-003
   9.8200000000000003        6.5912166434632007E-003
   9.8399999999999999        6.3203287617312675E-003
   9.8599999999999994        5.9830446791233017E-003
   9.8800000000000008        5.5829591374772364E-003
   9.9000000000000004        5.1267031628184981E-003
   9.9199999999999999        4.6235539952783873E-003
   9.9399999999999995        4.0848236031452226E-003
   9.9600000000000009        3.5230803165527155E-003
   9.9800000000000004        2.9512724851973840E-003
   10.000000000000000        2.3818312026406079E-003
   10.020000000000000        1.8258303737609216E-003
   10.039999999999999        1.2922766772992679E-003
   10.060000000000000        7.8758985660151617E-004
   10.080000000000000        3.1531638660266053E-004
   10.100000000000000       -1.2390149902064327E-004
   10.119999999999999       -5.3210227842702060E-004
   10.140000000000001       -9.1355054310916740E-004
   10.160000000000000       -1.2740950679530031E-003
   10.180000000000000       -1.6203995344949225E-003
   10.199999999999999       -1.9591166698752437E-003
   10.220000000000001       -2.2960809580430774E-003
   10.240000000000000       -2.6355927503183179E-003
   10.260000000000000       -2.9798578098194774E-003
   10.279999999999999       -3.3286319014591581E-003
   10.300000000000001       -3.6791013131893110E-003
   10.320000000000000       -4.0260088638800597E-003
   10.340000000000000       -4.3620129361448849E-003
   10.359999999999999       -4.6782463319741240E-003
   10.380000000000001       -4.9650241201076601E-003
   10.400000000000000       -5.2126366705704140E-003
   10.420000000000000       -5.4121568721046971E-003
   10.440000000000000       -5.5561896984648003E-003
   10.460000000000001       -5.6394978554362056E-003
   10.480000000000000       -5.6594486584439644E-003
   10.500000000000000       -5.6162435015274740E-003
   10.520000000000000       -5.5129108047464606E-003
   10.539999999999999       -5.3550644079310627E-003
   10.560000000000000       -5.1504501283801728E-003
   10.580000000000000       -4.9083217767044354E-003
   10.600000000000000       -4.6387026937071505E-003
   10.619999999999999       -4.3515985481096817E-003
   10.640000000000001       -4.0562308984761920E-003
   10.660000000000000       -3.7603585832512044E-003
   10.680000000000000       -3.4697456243409147E-003
   10.699999999999999       -3.1878208021124794E-003
   10.720000000000001       -2.9155566248517898E-003
   10.740000000000000       -2.6515756533894070E-003
   10.760000000000000       -2.3924718267228431E-003
   10.779999999999999       -2.1333153776895071E-003
   10.800000000000001       -1.8682938144306306E-003
   10.820000000000000       -1.5914296845053219E-003
   10.840000000000000       -1.2973094474141324E-003
   10.859999999999999       -9.8175728640986391E-004
   10.880000000000001       -6.4239309208385562E-004
   10.900000000000000       -2.7902462424752797E-004
   10.920000000000000        1.0616099297521459E-004
   10.940000000000000        5.0862314467175530E-004
   10.960000000000001        9.2170816698539982E-004
   10.980000000000000        1.3370824405598669E-003
   11.000000000000000        1.7453191859663052E-003
   11.020000000000000        2.1365865620160771E-003
   11.039999999999999        2.5013759724356053E-003
   11.060000000000000        2.8312062840818710E-003
   11.080000000000000        3.1192421962646108E-003
   11.100000000000000        3.3607730090061522E-003
   11.119999999999999        3.5535107670073354E-003
   11.140000000000001        3.6976830399030958E-003
   11.160000000000000        3.7959139647681136E-003
   11.180000000000000        3.8529059758348892E-003
   11.199999999999999        3.8749522043909530E-003
   11.220000000000001        3.8693242965814325E-003
   11.240000000000000        3.8435910756848060E-003
   11.260000000000000        3.8049291481298923E-003
   11.279999999999999        3.7594867508288486E-003
   11.300000000000001        3.7118568830711469E-003
   11.320000000000000        3.6647055658810624E-003
   11.340000000000000        3.6185868682042689E-003
   11.359999999999999        3.5719594247638677E-003
   11.380000000000001        3.5214010690091599E-003
   11.400000000000000        3.4620005351784521E-003
   11.420000000000000        3.3878895151006482E-003
   11.440000000000000        3.2928660680457580E-003
   11.460000000000001        3.1710525451241751E-003
   11.480000000000000        3.0175284697228264E-003
   11.500000000000000        2.8288814185564067E-003
   11.520000000000000        2.6036266055875371E-003
   11.539999999999999        2.3424578670315018E-003
   11.560000000000000        2.0483079826982172E-003
   11.580000000000000        1.7262133691519968E-003
   11.600000000000000        1.3829956094367076E-003
   11.619999999999999        1.0267884897593325E-003
   11.640000000000001        6.6645276214856279E-004
   11.660000000000000        3.1093055683910169E-004
   11.680000000000000       -3.1403608161424727E-005
   11.699999999999999       -3.5333834491459046E-004
   11.720000000000001       -6.4931569214403113E-004
   11.740000000000000       -9.1577413268983140E-004
   11.760000000000000       -1.1513156357237657E-003
   11.779999999999999       -1.3566838468513243E-003
   11.800000000000001       -1.5345574020075186E-003
   11.820000000000000       -1.6891787214228170E-003
   11.840000000000000       -1.8258530940356876E-003
   11.859999999999999       -1.9503641180605236E-003
   11.880000000000001       -2.0683586406339792E-003
   11.900000000000000       -2.1847566375072015E-003
   11.920000000000000       -2.3032388208185160E-003
   11.940000000000000       -2.4258574288844011E-003
   11.960000000000001       -2.5528043210238248E-003
   11.980000000000000       -2.6823562081551978E-003
   12.000000000000000       -2.8110008880863268E-003
   12.020000000000000       -2.9337321548350550E-003
   12.039999999999999       -3.0444860573220415E-003
   12.060000000000000       -3.1366787207874210E-003
   12.080000000000000       -3.2037971066315048E-003
   12.100000000000000       -3.2399896357257572E-003
   12.119999999999999       -3.2406039037937060E-003
   12.140000000000001       -3.2026237170722882E-003
   12.160000000000000       -3.1249668965698547E-003
   12.180000000000000       -3.0086178918365875E-003
   12.199999999999999       -2.8565840678598359E-003
   12.220000000000001       -2.6736802481718675E-003
   12.240000000000000       -2.4661613090674090E-003
   12.260000000000000       -2.2412359740667329E-003
   12.279999999999999       -2.0065052783600260E-003
   12.300000000000001       -1.7693755617569466E-003
   12.320000000000000       -1.5364977627814430E-003
   12.340000000000000       -1.3132820851210997E-003
   12.359999999999999       -1.1035300610292350E-003
   12.380000000000001       -9.0921529995430391E-004
   12.400000000000000       -7.3043076384629677E-004
   12.420000000000000       -5.6550546757138482E-004
   12.440000000000000       -4.1127840285486378E-004
   12.460000000000001       -2.6350357203449920E-004
   12.480000000000000       -1.1734852376675573E-004
   12.500000000000000        3.2059286013689870E-005
   12.520000000000000        1.8908793224482810E-004
   12.539999999999999        3.5710738420412333E-004
   12.560000000000000        5.3809104933804719E-004
   12.580000000000000        7.3234797017312136E-004
   12.600000000000000        9.3840926011922539E-004
   12.619999999999999        1.1530784504363814E-003
   12.640000000000001        1.3716407318407008E-003
   12.660000000000000        1.5882119224733839E-003
   12.680000000000000        1.7961956356796749E-003
   12.699999999999999        1.9888076449030880E-003
   12.720000000000001        2.1596206744540778E-003
   12.740000000000000        2.3030812741784484E-003
   12.760000000000000        2.4149531768614106E-003
   12.779999999999999        2.4926483187007664E-003
   12.800000000000001        2.5354168968312277E-003
   12.820000000000000        2.5443805153326322E-003
   12.840000000000000        2.5224064888405115E-003
   12.859999999999999        2.4738354752563930E-003
   12.880000000000001        2.4040875406112767E-003
   12.900000000000000        2.3191823767352835E-003
   12.920000000000000        2.2252167655650501E-003
   12.940000000000000        2.1278458769788751E-003
   12.960000000000001        2.0318143134455094E-003
   12.980000000000000        1.9405780604519682E-003
   13.000000000000000        1.8560501153422233E-003
   13.020000000000000        1.7784913178893269E-003
   13.039999999999999        1.7065548127460819E-003
   13.060000000000000        1.6374788137801227E-003
   13.080000000000000        1.5674091421759193E-003
   13.100000000000000        1.4918215455168207E-003
   13.119999999999999        1.4060050837486581E-003
   13.140000000000001        1.3055626495379682E-003
   13.160000000000000        1.1868834182532633E-003
   13.180000000000000        1.0475447857659385E-003
   13.199999999999999        8.8660788007593702E-004
   13.220000000000001        7.0478042139966040E-004
   13.240000000000000        5.0443267326473506E-004
   13.260000000000000        2.8946539517057436E-004
   13.279999999999999        6.5041896062743471E-005
   13.300000000000001       -1.6279167690452792E-004
   13.320000000000000       -3.8756386255279688E-004
   13.340000000000000       -6.0287253219173107E-004
   13.359999999999999       -8.0287288903138014E-004
   13.380000000000001       -9.8271588435157233E-004
   13.400000000000000       -1.1388987622853056E-003
   13.420000000000000       -1.2694974712886861E-003
   13.440000000000000       -1.3742613503558950E-003
   13.460000000000001       -1.4545628463725980E-003
   13.480000000000000       -1.5132079366825233E-003
   13.500000000000000       -1.5541252648766852E-003
   13.520000000000000       -1.5819626538175488E-003
   13.539999999999999       -1.6016276995218502E-003
   13.560000000000000       -1.6178138729091040E-003
   13.580000000000000       -1.6345545629257640E-003
   13.600000000000000       -1.6548447168502440E-003
   13.619999999999999       -1.6803634415219117E-003
   13.640000000000001       -1.7113217038928366E-003
   13.660000000000000       -1.7464479494893599E-003
   13.680000000000000       -1.7831120633237335E-003
   13.699999999999999       -1.8175757394084588E-003
   13.720000000000001       -1.8453461024995244E-003
   13.740000000000000       -1.8616003316983595E-003
   13.760000000000000       -1.8616428673490007E-003
   13.779999999999999       -1.8413540726019504E-003
   13.800000000000001       -1.7975901903370742E-003
   13.820000000000000       -1.7284989772504782E-003
   13.840000000000000       -1.6337230850667910E-003
   13.859999999999999       -1.5144733913067259E-003
   13.880000000000001       -1.3734661428629806E-003
   13.900000000000000       -1.2147299177845015E-003
   13.920000000000000       -1.0432999507257834E-003
   13.940000000000000       -8.6482728120989682E-004
   13.960000000000001       -6.8513759851750102E-004
   13.980000000000000       -5.0977892651347001E-004
   14.000000000000000       -3.4359805428948239E-004
   14.020000000000000       -1.9038282628215103E-004
   14.039999999999999       -5.2601327470984025E-005
   14.060000000000000        6.8739804679413943E-005
   14.080000000000000        1.7410644036987226E-004
   14.100000000000000        2.6531757930225481E-004
   14.119999999999999        3.4530732851840740E-004
   14.140000000000001        4.1779051666233772E-004
   14.160000000000000        4.8686266536234461E-004
   14.180000000000000        5.5657069316878403E-004
   14.199999999999999        6.3049310906623541E-004
   14.220000000000001        7.1136736767063934E-004
   14.240000000000000        8.0079762311781886E-004
   14.260000000000000        8.9906874728531505E-004
   14.279999999999999        1.0050828434243781E-003
   14.300000000000001        1.1164234592230305E-003
   14.320000000000000        1.2295412736282403E-003
   14.340000000000000        1.3400442195208530E-003
   14.359999999999999        1.4430657690371500E-003
   14.380000000000001        1.5336782636015136E-003
   14.400000000000000        1.6073143129021329E-003
   14.420000000000000        1.6601587431277890E-003
   14.440000000000000        1.6894763749486731E-003
   14.460000000000001        1.6938467882471541E-003
   14.480000000000000        1.6732856433158408E-003
   14.500000000000000        1.6292423141854822E-003
   14.520000000000000        1.5644746322844051E-003
   14.539999999999999        1.4828124499782660E-003
   14.560000000000000        1.3888315429469676E-003
   14.580000000000000        1.2874672106551314E-003
   14.600000000000000        1.1836021181783247E-003
   14.619999999999999        1.0816650035483427E-003
   14.640000000000001        9.8527568441249790E-004
   14.660000000000000        8.9696746025764464E-004
   14.680000000000000        8.1801092532414032E-004
   14.699999999999999        7.4835402822254703E-004
   14.720000000000001        6.8668276614191226E-004
   14.740000000000000        6.3059612174207820E-004
   14.760000000000000        5.7687870108520548E-004
   14.779999999999999        5.2184591180218926E-004
   14.800000000000001        4.6173019118506381E-004
   14.820000000000000        3.9307330546789991E-004
   14.840000000000000        3.1308938919427681E-004
   14.859999999999999        2.1996619190968737E-004
   14.880000000000001        1.1307768200370774E-004
   14.900000000000000       -6.9107971735566952E-006
   14.920000000000000       -1.3805394505880410E-004
   14.940000000000000       -2.7725318021812437E-004
   14.960000000000001       -4.2048698992630068E-004
   14.980000000000000       -5.6312418262883862E-004
   15.000000000000000       -7.0029198521830182E-004
   15.020000000000000       -8.2726617559964453E-004
   15.039999999999999       -9.3984863550161104E-004
   15.060000000000000       -1.0346989940744900E-003
   15.080000000000000       -1.1095912786934249E-003
   15.100000000000000       -1.1635733017774416E-003
   15.119999999999999       -1.1970152712028664E-003
   15.140000000000001       -1.2115440267367944E-003
   15.160000000000000       -1.2098694870903517E-003
   15.180000000000000       -1.1955194332878229E-003
   15.199999999999999       -1.1725068083725096E-003
   15.220000000000001       -1.1449595713315123E-003
   15.240000000000000       -1.1167462948657328E-003
   15.260000000000000       -1.0911308758228169E-003
   15.279999999999999       -1.0704869336981015E-003
   15.300000000000001       -1.0560969710739930E-003
   15.320000000000000       -1.0480536645767532E-003
   15.340000000000000       -1.0452714437929249E-003
   15.359999999999999       -1.0456066269649413E-003
   15.380000000000001       -1.0460747005296446E-003
   15.400000000000000       -1.0431447159897312E-003
   15.420000000000000       -1.0330839938543950E-003
   15.440000000000000       -1.0123219652672165E-003
   15.460000000000001       -9.7780042302664889E-004
   15.480000000000000       -9.2727881958038611E-004
   15.500000000000000       -8.5956740324512858E-004
   15.520000000000000       -7.7466754127101438E-004
   15.539999999999999       -6.7380694285064824E-004
   15.560000000000000       -5.5936691261658793E-004
   15.580000000000000       -4.3470839134163793E-004
   15.600000000000000       -3.0391251710216012E-004
   15.619999999999999       -1.7145897089868543E-004
   15.640000000000001       -4.1870792400276529E-005
   15.660000000000000        8.0642807995712917E-005
   15.680000000000000        1.9251409500488736E-004
   15.699999999999999        2.9108615504839965E-004
   15.720000000000001        3.7480052064477664E-004
   15.740000000000000        4.4328704133944988E-004
   15.760000000000000        4.9734875027095116E-004
   15.779999999999999        5.3884385552748371E-004
   15.800000000000001        5.7047612665120514E-004
   15.820000000000000        5.9551303621157279E-004
   15.840000000000000        6.1745733915035447E-004
   15.859999999999999        6.3970177448886562E-004
   15.880000000000001        6.6519791044017060E-004
   15.900000000000000        6.9616871952307962E-004
   15.920000000000000        7.3389040680028991E-004
   15.940000000000000        7.7856269721863700E-004
   15.960000000000001        8.2927879135642724E-004
   15.980000000000000        8.8409724351237067E-004
   16.000000000000000        9.4020890469106902E-004
   16.020000000000000        9.9418361802038947E-004
   16.039999999999999        1.0422743055565455E-003
   16.059999999999999        1.0807510640869155E-003
   16.079999999999998        1.1062353307652020E-003
   16.100000000000001        1.1160043027211772E-003
   16.120000000000001        1.1082385739417944E-003
   16.140000000000001        1.0821911270505547E-003
   16.160000000000000        1.0382629144238605E-003
   16.180000000000000        9.7797864073514507E-004
   16.199999999999999        9.0386526504722907E-004
   16.219999999999999        8.1924437911229191E-004
   16.239999999999998        7.2795722155126789E-004
   16.260000000000002        6.3404698294972973E-004
   16.280000000000001        5.4142672809317886E-004
   16.300000000000001        4.5356239249882979E-004
   16.320000000000000        3.7319881298192591E-004
   16.340000000000000        3.0215277254870711E-004
   16.359999999999999        2.4119094519777350E-004
   16.379999999999999        1.9000296951683049E-004
   16.399999999999999        1.4727135103851860E-004
   16.420000000000002        1.1083125620006610E-004
   16.440000000000001        7.7905285311179393E-005
   16.460000000000001        4.5391705460891431E-005
   16.480000000000000        1.0179968488928315E-005
   16.500000000000000       -3.0534960692810910E-005
   16.520000000000000       -7.8967690705000008E-005
   16.539999999999999       -1.3651236645871665E-004
   16.559999999999999       -2.0358794908026520E-004
   16.579999999999998       -2.7957243590836730E-004
   16.600000000000001       -3.6283164357578846E-004
   16.620000000000001       -4.5083971396994249E-004
   16.640000000000001       -5.4038033254517892E-004
   16.660000000000000       -6.2781049761789049E-004
   16.680000000000000       -7.0936317993901125E-004
   16.699999999999999       -7.8146184628097857E-004
   16.719999999999999       -8.4101887841519661E-004
   16.739999999999998       -8.8569147225836813E-004
   16.760000000000002       -9.1407250078100698E-004
   16.780000000000001       -9.2579971007799363E-004
   16.800000000000001       -9.2157395702971282E-004
   16.820000000000000       -9.0308532858499740E-004
   16.840000000000000       -8.7285417879342435E-004
   16.859999999999999       -8.3400164994775622E-004
   16.879999999999999       -7.8997044095929086E-004
   16.899999999999999       -7.4422090383654876E-004
   16.920000000000002       -6.9992961220772241E-004
   16.940000000000001       -6.5971718122551386E-004
   16.960000000000001       -6.2542937005026673E-004
   16.980000000000000       -5.9799062256065435E-004
   17.000000000000000       -5.7734264357217038E-004
   17.020000000000000       -5.6247295889146835E-004
   17.039999999999999       -5.5153035470638042E-004
   17.059999999999999       -5.4201635447034509E-004
   17.079999999999998       -5.3103515749155497E-004
   17.100000000000001       -5.1557932812059564E-004
   17.120000000000001       -4.9282543782230295E-004
   17.140000000000001       -4.6041308986679967E-004
   17.160000000000000       -4.1668235598161819E-004
   17.180000000000000       -3.6084847235463906E-004
   17.199999999999999       -2.9309832848100026E-004
   17.219999999999999       -2.1460032108910445E-004
   17.239999999999998       -1.2742690342049443E-004
   17.260000000000002       -3.4396942926626598E-005
   17.280000000000001        6.1147885583960509E-005
   17.300000000000001        1.5561262982506310E-004
   17.320000000000000        2.4544046843559341E-004
   17.340000000000000        3.2740011025704182E-004
   17.359999999999999        3.9884376770723591E-004
   17.379999999999999        4.5791301977202533E-004
   17.399999999999999        5.0367462004363500E-004
   17.420000000000002        5.3617462119163377E-004
   17.440000000000001        5.5640650939684725E-004
   17.460000000000001        5.6619671360243586E-004
   17.480000000000000        5.6801818997730396E-004
   17.500000000000000        5.6474912977107466E-004
   17.520000000000000        5.5939863782719418E-004
   17.539999999999999        5.5482405900671183E-004
   17.559999999999999        5.5346524763833394E-004
   17.579999999999998        5.5711943599374655E-004
   17.600000000000001        5.6677661812928599E-004
   17.620000000000001        5.8252986816929875E-004
   17.640000000000001        6.0356825501168253E-004
   17.660000000000000        6.2825260653587213E-004
   17.680000000000000        6.5426697872357574E-004
   17.699999999999999        6.7883195791866927E-004
   17.719999999999999        6.9896046412741780E-004
   17.739999999999998        7.1173301064473985E-004
   17.760000000000002        7.1456773337430827E-004
   17.780000000000001        7.0546106893372971E-004
   17.800000000000001        6.8317767371384424E-004
   17.820000000000000        6.4737278515674594E-004
   17.840000000000000        5.9863631236570160E-004
   17.859999999999999        5.3845495707080461E-004
   17.879999999999999        4.6909597863173223E-004
   17.899999999999999        3.9342317561177117E-004
   17.920000000000002        3.1466164273606385E-004
   17.940000000000001        2.3613234704134557E-004
   17.960000000000001        1.6098015769641321E-004
   17.980000000000000        9.1919438035032683E-005
   18.000000000000000        3.1019633032420281E-005
   18.020000000000000       -2.0450380345632077E-005
   18.039999999999999       -6.2105733303971449E-005
   18.059999999999999       -9.4449843572243691E-005
   18.079999999999998       -1.1879966356254828E-004
   18.100000000000001       -1.3713906972360001E-004
   18.120000000000001       -1.5191393297156867E-004
   18.140000000000001       -1.6578754290616447E-004
   18.160000000000000       -1.8137850378437519E-004
   18.180000000000000       -2.0100467844084239E-004
   18.199999999999999       -2.2645610643683102E-004
   18.219999999999999       -2.5881713192035588E-004
   18.239999999999998       -2.9835349384022361E-004
   18.260000000000002       -3.4447426366738073E-004
   18.280000000000001       -3.9577179263796032E-004
   18.300000000000001       -4.5013585461797003E-004
   18.320000000000000       -5.0493156484652407E-004
   18.340000000000000       -5.5722500604575760E-004
   18.359999999999999       -6.0403630094828990E-004
   18.379999999999999       -6.4259750150610592E-004
   18.399999999999999       -6.7059232300822186E-004
   18.420000000000002       -6.8635645778240026E-004
   18.440000000000001       -6.8902079720800831E-004
   18.460000000000001       -6.7858504390470485E-004
   18.480000000000000       -6.5591544236684798E-004
   18.500000000000000       -6.2266713466245581E-004
   18.520000000000000       -5.8113835175920773E-004
   18.539999999999999       -5.3406968377523953E-004
   18.559999999999999       -4.8440649911931169E-004
   18.579999999999998       -4.3504577847464088E-004
   18.600000000000001       -3.8858991711003120E-004
   18.620000000000001       -3.4712932159015311E-004
   18.640000000000001       -3.1207295834669995E-004
   18.660000000000000       -2.8404164773488825E-004
   18.680000000000000       -2.6283323461784075E-004
   18.699999999999999       -2.4746231520290392E-004
   18.719999999999999       -2.3627053826455395E-004
   18.739999999999998       -2.2709722149678169E-004
   18.760000000000002       -2.1749468840877705E-004
   18.780000000000001       -2.0496880921586555E-004
   18.800000000000001       -1.8722306419827187E-004
   18.820000000000000       -1.6238422527837834E-004
   18.840000000000000       -1.2918948276788037E-004
   18.859999999999999       -8.7118366690108116E-005
   18.879999999999999       -3.6457804244169471E-005
   18.899999999999999        2.1705334281904098E-005
   18.920000000000002        8.5563359512298763E-005
   18.940000000000001        1.5273132777126464E-004
   18.960000000000001        2.2044210056069039E-004
   18.980000000000000        2.8577541302512603E-004
   19.000000000000000        3.4590050288999105E-004
   19.020000000000000        3.9831072286524382E-004
   19.039999999999999        4.4102935814465375E-004
   19.059999999999999        4.7276851711368546E-004
   19.079999999999998        4.9302721421437556E-004
   19.100000000000001        5.0212023338981561E-004
   19.120000000000001        5.0113555642539512E-004
   19.140000000000001        4.9182450732162598E-004
   19.160000000000000        4.7643473381755850E-004
   19.180000000000000        4.5750118983702226E-004
   19.199999999999999        4.3761395256535439E-004
   19.219999999999999        4.1918368387164622E-004
   19.239999999999998        4.0422565882147787E-004
   19.260000000000002        3.9418153195460755E-004
   19.280000000000001        3.8979455874083236E-004
   19.300000000000001        3.9104915013463707E-004
   19.320000000000000        3.9717984950720129E-004
   19.340000000000000        4.0674860337707608E-004
   19.359999999999999        4.1778310624470696E-004
   19.379999999999999        4.2796357780793492E-004
   19.399999999999999        4.3484105844172682E-004
   19.420000000000002        4.3606756203892045E-004
   19.440000000000001        4.2961744273300860E-004
   19.460000000000001        4.1398019387538882E-004
   19.480000000000000        3.8830751962032372E-004
   19.500000000000000        3.5250166061197047E-004
   19.520000000000000        3.0723724027192543E-004
   19.539999999999999        2.5391485137687421E-004
   19.559999999999999        1.9455069068686107E-004
   19.579999999999998        1.3161222918225106E-004
   19.600000000000001        6.7814672537403316E-005
   19.620000000000001        5.8963996213699393E-006
   19.640000000000001       -5.1606634368804855E-005
   19.660000000000000       -1.0256753277162026E-004
   19.680000000000000       -1.4543790378658946E-004
   19.699999999999999       -1.7936527923684953E-004
   19.719999999999999       -2.0424836220829518E-004
   19.739999999999998       -2.2072553986447464E-004
   19.760000000000002       -2.3009806094970086E-004
   19.780000000000001       -2.3419509108591746E-004
   19.800000000000001       -2.3519300551312641E-004
   19.820000000000000       -2.3540530236367994E-004
   19.840000000000000       -2.3706206599200953E-004
   19.859999999999999       -2.4209875832063897E-004
   19.879999999999999       -2.5197319791699503E-004
   19.899999999999999       -2.6752699065755363E-004
   19.920000000000002       -2.8890364046459674E-004
   19.940000000000001       -3.1553045935119923E-004
   19.960000000000001       -3.4616567251063123E-004
   19.980000000000000       -3.7900628920108125E-004
   20.000000000000000       -4.1184690324029170E-004
